<?xml version="1.0" encoding="UTF-8"?>
<!-- Generated by org.testng.reporters.JUnitXMLReporter -->
<testsuite ignored="1" hostname="LAPTOP-9SRLIHID" failures="0" tests="1" name="Default test" time="4.405" errors="0" timestamp="2025-04-20T08:54:34 IST">
  <testcase classname="com.Thinksys.restfulbooker.CreateBookingsTest" name="createBookingPOJOTest" time="3.836"/>
  <testcase classname="com.Thinksys.restfulbooker.CreateBookingsTest" name="createBookingTest" time="0.0">
    <ignored/>
  </testcase> <!-- createBookingTest -->
</testsuite> <!-- Default test -->
