<?xml version="1.0" encoding="UTF-8"?>
<testng-results ignored="0" total="1" passed="1" failed="0" skipped="0">
  <reporter-output>
  </reporter-output>
  <suite started-at="2025-04-20T01:06:23 IST" name="Default suite" finished-at="2025-04-20T01:06:30 IST" duration-ms="6573">
    <groups>
    </groups>
    <test started-at="2025-04-20T01:06:23 IST" name="Default test" finished-at="2025-04-20T01:06:30 IST" duration-ms="6573">
      <class name="com.Thinksys.restfulbooker.DeleteBooking">
        <test-method is-config="true" signature="setUp()[pri:0, instance:com.Thinksys.restfulbooker.DeleteBooking@2e6a8155]" started-at="2025-04-20T01:06:23 IST" name="setUp" finished-at="2025-04-20T01:06:24 IST" duration-ms="406" status="PASS">
          <reporter-output>
          </reporter-output>
        </test-method> <!-- setUp -->
        <test-method signature="deleteBookingTest()[pri:0, instance:com.Thinksys.restfulbooker.DeleteBooking@2e6a8155]" started-at="2025-04-20T01:06:24 IST" name="deleteBookingTest" finished-at="2025-04-20T01:06:30 IST" duration-ms="6122" status="PASS">
          <reporter-output>
          </reporter-output>
        </test-method> <!-- deleteBookingTest -->
      </class> <!-- com.Thinksys.restfulbooker.DeleteBooking -->
    </test> <!-- Default test -->
  </suite> <!-- Default suite -->
</testng-results>
