<?xml version="1.0" encoding="UTF-8"?>
<!-- Generated by org.testng.reporters.JUnitXMLReporter -->
<testsuite ignored="13" hostname="LAPTOP-9SRLIHID" failures="0" tests="10" name="Test" time="30.114" errors="0" timestamp="2025-04-20T09:27:32 IST">
  <testcase classname="com.RestAssuredProject.TestScripts.CreateBookingsTest" name="createBookingPOJOTest" time="3.525"/>
  <testcase classname="com.RestAssuredProject.TestScripts.DeleteBookingTest" name="deleteBookingTest" time="5.061"/>
  <testcase classname="com.RestAssuredProject.TestScripts.GetBookingsByIdTest" name="getBookingsById" time="3.072"/>
  <testcase classname="com.RestAssuredProject.TestScripts.GetBookingsByIdTest" name="getBookingsXMLById" time="3.042"/>
  <testcase classname="com.RestAssuredProject.TestScripts.GetBookingsTest" name="getAllBookingIds" time="1.903"/>
  <testcase classname="com.RestAssuredProject.TestScripts.GetBookingsTest" name="getBookingIdsWithFilter" time="2.144"/>
  <testcase classname="com.RestAssuredProject.TestScripts.PartialUpdateBookingTest" name="partialUpldateBookingTest" time="4.58"/>
  <testcase classname="com.RestAssuredProject.TestScripts.HealthCheckTest" name="headersAndCookiesTest" time="1.612"/>
  <testcase classname="com.RestAssuredProject.TestScripts.HealthCheckTest" name="healthCheckTest" time="1.71"/>
  <testcase classname="com.RestAssuredProject.TestScripts.UpdateBookingTest" name="updateBookingTest" time="2.985"/>
  <testcase classname="com.RestAssuredProject.GenericLib.BaseTest" name="@BeforeSuite clearLogFile" time="0.0">
    <ignored/>
  </testcase> <!-- @BeforeSuite clearLogFile -->
  <testcase classname="com.RestAssuredProject.GenericLib.BaseTest" name="@BeforeSuite clearLogFile" time="0.0">
    <ignored/>
  </testcase> <!-- @BeforeSuite clearLogFile -->
  <testcase classname="com.RestAssuredProject.GenericLib.BaseTest" name="@AfterSuite closeFile" time="0.0">
    <ignored/>
  </testcase> <!-- @AfterSuite closeFile -->
  <testcase classname="com.RestAssuredProject.GenericLib.BaseTest" name="@AfterSuite closeFile" time="0.0">
    <ignored/>
  </testcase> <!-- @AfterSuite closeFile -->
  <testcase classname="com.RestAssuredProject.GenericLib.BaseTest" name="@AfterSuite closeFile" time="0.0">
    <ignored/>
  </testcase> <!-- @AfterSuite closeFile -->
  <testcase classname="com.RestAssuredProject.GenericLib.BaseTest" name="@BeforeSuite clearLogFile" time="0.0">
    <ignored/>
  </testcase> <!-- @BeforeSuite clearLogFile -->
  <testcase classname="com.RestAssuredProject.GenericLib.BaseTest" name="@BeforeSuite clearLogFile" time="0.0">
    <ignored/>
  </testcase> <!-- @BeforeSuite clearLogFile -->
  <testcase classname="com.RestAssuredProject.GenericLib.BaseTest" name="@BeforeSuite clearLogFile" time="0.0">
    <ignored/>
  </testcase> <!-- @BeforeSuite clearLogFile -->
  <testcase classname="com.RestAssuredProject.TestScripts.CreateBookingsTest" name="createBookingTest" time="0.0">
    <ignored/>
  </testcase> <!-- createBookingTest -->
  <testcase classname="com.RestAssuredProject.GenericLib.BaseTest" name="@AfterSuite closeFile" time="0.0">
    <ignored/>
  </testcase> <!-- @AfterSuite closeFile -->
  <testcase classname="com.RestAssuredProject.GenericLib.BaseTest" name="@AfterSuite closeFile" time="0.0">
    <ignored/>
  </testcase> <!-- @AfterSuite closeFile -->
  <testcase classname="com.RestAssuredProject.GenericLib.BaseTest" name="@AfterSuite closeFile" time="0.0">
    <ignored/>
  </testcase> <!-- @AfterSuite closeFile -->
  <testcase classname="com.RestAssuredProject.GenericLib.BaseTest" name="@BeforeSuite clearLogFile" time="0.0">
    <ignored/>
  </testcase> <!-- @BeforeSuite clearLogFile -->
</testsuite> <!-- Test -->
